{"/home/sims16/Documents/document-manager/app.js":{"path":"/home/sims16/Documents/document-manager/app.js","s":{"1":1,"2":1,"3":1,"4":1,"5":1,"6":1,"7":1,"8":1,"9":1,"10":1,"11":4,"12":1,"13":1,"14":1,"15":1,"16":1,"17":1,"18":1,"19":1,"20":1,"21":0,"22":0,"23":1,"24":1,"25":1},"b":{"1":[1,3],"2":[4,4],"3":[1,1]},"f":{"1":4,"2":0},"fnMap":{"1":{"name":"_interopRequireDefault","line":0,"loc":{"start":{"line":0,"column":0},"end":{"line":0,"column":0}},"skip":true},"2":{"name":"(anonymous_2)","line":19,"loc":{"start":{"line":19,"column":8},"end":{"line":19,"column":28}}}},"statementMap":{"1":{"start":{"line":0,"column":0},"end":{"line":0,"column":0},"skip":true},"2":{"start":{"line":1,"column":0},"end":{"line":null,"column":null}},"3":{"start":{"line":0,"column":0},"end":{"line":0,"column":0},"skip":true},"4":{"start":{"line":2,"column":0},"end":{"line":null,"column":null}},"5":{"start":{"line":0,"column":0},"end":{"line":0,"column":0},"skip":true},"6":{"start":{"line":3,"column":0},"end":{"line":null,"column":null}},"7":{"start":{"line":0,"column":0},"end":{"line":0,"column":0},"skip":true},"8":{"start":{"line":4,"column":0},"end":{"line":null,"column":null}},"9":{"start":{"line":0,"column":0},"end":{"line":0,"column":0},"skip":true},"10":{"start":{"line":0,"column":0},"end":{"line":0,"column":0},"skip":true},"11":{"start":{"line":0,"column":0},"end":{"line":0,"column":0},"skip":true},"12":{"start":{"line":6,"column":0},"end":{"line":null,"column":null}},"13":{"start":{"line":7,"column":0},"end":{"line":null,"column":null}},"14":{"start":{"line":8,"column":0},"end":{"line":null,"column":null}},"15":{"start":{"line":10,"column":0},"end":{"line":null,"column":null}},"16":{"start":{"line":11,"column":0},"end":{"line":null,"column":null}},"17":{"start":{"line":12,"column":0},"end":{"line":null,"column":null}},"18":{"start":{"line":16,"column":0},"end":{"line":null,"column":null}},"19":{"start":{"line":17,"column":0},"end":{"line":null,"column":null}},"20":{"start":{"line":19,"column":0},"end":{"line":null,"column":null}},"21":{"start":{"line":20,"column":6},"end":{"line":null,"column":null}},"22":{"start":{"line":0,"column":0},"end":{"line":0,"column":0},"skip":true},"23":{"start":{"line":27,"column":0},"end":{"line":null,"column":null}},"24":{"start":{"line":28,"column":0},"end":{"line":null,"column":null}},"25":{"start":{"line":31,"column":15},"end":{"line":null,"column":null}}},"branchMap":{"1":{"line":0,"type":"cond-expr","locations":[{"start":{"line":0,"column":0},"end":{"line":0,"column":0},"skip":true},{"start":{"line":0,"column":0},"end":{"line":0,"column":0},"skip":true}]},"2":{"line":0,"type":"binary-expr","locations":[{"start":{"line":0,"column":0},"end":{"line":0,"column":0},"skip":true},{"start":{"line":0,"column":0},"end":{"line":0,"column":0},"skip":true}]},"3":{"line":8,"type":"binary-expr","locations":[{"start":{"line":8,"column":13},"end":{"line":8,"column":13}},{"start":{"line":8,"column":33},"end":{"line":8,"column":0}}]}}},"/home/sims16/Documents/document-manager/app/routes/index.js":{"path":"/home/sims16/Documents/document-manager/app/routes/index.js","s":{"1":1,"2":1,"3":1,"4":1,"5":1,"6":1,"7":1,"8":1},"b":{"1":[1,0],"2":[1,1]},"f":{"1":1,"2":1},"fnMap":{"1":{"name":"_interopRequireDefault","line":0,"loc":{"start":{"line":0,"column":0},"end":{"line":0,"column":0}},"skip":true},"2":{"name":"routes","line":3,"loc":{"start":{"line":3,"column":15},"end":{"line":3,"column":27}}}},"statementMap":{"1":{"start":{"line":0,"column":0},"end":{"line":0,"column":0},"skip":true},"2":{"start":{"line":1,"column":0},"end":{"line":null,"column":null}},"3":{"start":{"line":0,"column":0},"end":{"line":0,"column":0},"skip":true},"4":{"start":{"line":0,"column":0},"end":{"line":0,"column":0},"skip":true},"5":{"start":{"line":0,"column":0},"end":{"line":0,"column":0},"skip":true},"6":{"start":{"line":3,"column":0},"end":{"line":null,"column":null}},"7":{"start":{"line":4,"column":13},"end":{"line":null,"column":null}},"8":{"start":{"line":7,"column":15},"end":{"line":null,"column":null}}},"branchMap":{"1":{"line":0,"type":"cond-expr","locations":[{"start":{"line":0,"column":0},"end":{"line":0,"column":0},"skip":true},{"start":{"line":0,"column":0},"end":{"line":0,"column":0},"skip":true}]},"2":{"line":0,"type":"binary-expr","locations":[{"start":{"line":0,"column":0},"end":{"line":0,"column":0},"skip":true},{"start":{"line":0,"column":0},"end":{"line":0,"column":0},"skip":true}]}}},"/home/sims16/Documents/document-manager/app/routes/user.route.js":{"path":"/home/sims16/Documents/document-manager/app/routes/user.route.js","s":{"1":1,"2":1,"3":1,"4":1,"5":1,"6":1,"7":1,"8":1,"9":1,"10":1,"11":1},"b":{"1":[1,0],"2":[1,1]},"f":{"1":1,"2":1},"fnMap":{"1":{"name":"_interopRequireDefault","line":0,"loc":{"start":{"line":0,"column":0},"end":{"line":0,"column":0}},"skip":true},"2":{"name":"userRoute","line":4,"loc":{"start":{"line":4,"column":18},"end":{"line":4,"column":30}}}},"statementMap":{"1":{"start":{"line":0,"column":0},"end":{"line":0,"column":0},"skip":true},"2":{"start":{"line":1,"column":0},"end":{"line":null,"column":null}},"3":{"start":{"line":0,"column":0},"end":{"line":0,"column":0},"skip":true},"4":{"start":{"line":2,"column":0},"end":{"line":null,"column":null}},"5":{"start":{"line":0,"column":0},"end":{"line":0,"column":0},"skip":true},"6":{"start":{"line":0,"column":0},"end":{"line":0,"column":0},"skip":true},"7":{"start":{"line":4,"column":0},"end":{"line":null,"column":null}},"8":{"start":{"line":6,"column":5},"end":{"line":null,"column":null}},"9":{"start":{"line":10,"column":5},"end":{"line":null,"column":null}},"10":{"start":{"line":13,"column":5},"end":{"line":null,"column":null}},"11":{"start":{"line":17,"column":15},"end":{"line":null,"column":null}}},"branchMap":{"1":{"line":0,"type":"cond-expr","locations":[{"start":{"line":0,"column":0},"end":{"line":0,"column":0},"skip":true},{"start":{"line":0,"column":0},"end":{"line":0,"column":0},"skip":true}]},"2":{"line":0,"type":"binary-expr","locations":[{"start":{"line":0,"column":0},"end":{"line":0,"column":0},"skip":true},{"start":{"line":0,"column":0},"end":{"line":0,"column":0},"skip":true}]}}},"/home/sims16/Documents/document-manager/app/controllers/user.controller.js":{"path":"/home/sims16/Documents/document-manager/app/controllers/user.controller.js","s":{"1":1,"2":1,"3":1,"4":1},"b":{},"f":{},"fnMap":{},"statementMap":{"1":{"start":{"line":0,"column":0},"end":{"line":0,"column":0},"skip":true},"2":{"start":{"line":1,"column":0},"end":{"line":null,"column":null}},"3":{"start":{"line":3,"column":0},"end":{"line":null,"column":null}},"4":{"start":{"line":9,"column":15},"end":{"line":null,"column":null}}},"branchMap":{}},"/home/sims16/Documents/document-manager/app/actions/user.action.js":{"path":"/home/sims16/Documents/document-manager/app/actions/user.action.js","s":{"1":1,"2":1,"3":1,"4":1,"5":1,"6":1,"7":1,"8":1,"9":1,"10":1,"11":1,"12":3,"13":1,"14":0,"15":0,"16":0,"17":1,"18":4,"19":4,"20":2,"21":2,"22":0,"23":0,"24":0,"25":0,"26":0,"27":2,"28":2,"29":1,"30":0,"31":0,"32":0,"33":0,"34":0,"35":0,"36":0,"37":0,"38":0,"39":0,"40":1,"41":1,"42":1},"b":{"1":[1,2],"2":[3,3],"3":[0,0],"4":[0,0],"5":[2,2],"6":[4,3,2,2,2,2],"7":[0,2],"8":[0,0],"9":[0,0],"10":[0,0],"11":[0,0],"12":[0,0]},"f":{"1":3,"2":0,"3":4,"4":2,"5":0,"6":0,"7":0,"8":0,"9":1,"10":1},"fnMap":{"1":{"name":"_interopRequireDefault","line":0,"loc":{"start":{"line":0,"column":0},"end":{"line":0,"column":0}},"skip":true},"2":{"name":"verifyPassword","line":5,"loc":{"start":{"line":5,"column":0},"end":{"line":5,"column":59}}},"3":{"name":"CREATE","line":17,"loc":{"start":{"line":17,"column":7},"end":{"line":17,"column":33}}},"4":{"name":"(anonymous_4)","line":26,"loc":{"start":{"line":26,"column":12},"end":{"line":26,"column":26}}},"5":{"name":"(anonymous_5)","line":30,"loc":{"start":{"line":30,"column":18},"end":{"line":30,"column":28}}},"6":{"name":"(anonymous_6)","line":43,"loc":{"start":{"line":43,"column":19},"end":{"line":43,"column":28}}},"7":{"name":"LOGIN","line":74,"loc":{"start":{"line":74,"column":7},"end":{"line":74,"column":32}}},"8":{"name":"(anonymous_8)","line":83,"loc":{"start":{"line":83,"column":11},"end":{"line":83,"column":21}}},"9":{"name":"GET_ALL","line":118,"loc":{"start":{"line":118,"column":7},"end":{"line":118,"column":34}}},"10":{"name":"(anonymous_10)","line":121,"loc":{"start":{"line":121,"column":10},"end":{"line":null,"column":null}}}},"statementMap":{"1":{"start":{"line":0,"column":0},"end":{"line":0,"column":0},"skip":true},"2":{"start":{"line":17,"column":16},"end":{"line":null,"column":null}},"3":{"start":{"line":74,"column":16},"end":{"line":null,"column":null}},"4":{"start":{"line":118,"column":16},"end":{"line":null,"column":null}},"5":{"start":{"line":1,"column":0},"end":{"line":null,"column":null}},"6":{"start":{"line":0,"column":0},"end":{"line":0,"column":0},"skip":true},"7":{"start":{"line":2,"column":0},"end":{"line":null,"column":null}},"8":{"start":{"line":0,"column":0},"end":{"line":0,"column":0},"skip":true},"9":{"start":{"line":3,"column":0},"end":{"line":null,"column":null}},"10":{"start":{"line":0,"column":0},"end":{"line":0,"column":0},"skip":true},"11":{"start":{"line":0,"column":0},"end":{"line":0,"column":0},"skip":true},"12":{"start":{"line":0,"column":0},"end":{"line":0,"column":0},"skip":true},"13":{"start":{"line":5,"column":0},"end":{"line":null,"column":null}},"14":{"start":{"line":6,"column":6},"end":{"line":null,"column":null}},"15":{"start":{"line":6,"column":45},"end":{"line":null,"column":null}},"16":{"start":{"line":7,"column":9},"end":{"line":null,"column":null}},"17":{"start":{"line":17,"column":7},"end":{"line":null,"column":null}},"18":{"start":{"line":18,"column":8},"end":{"line":null,"column":null}},"19":{"start":{"line":19,"column":6},"end":{"line":null,"column":null}},"20":{"start":{"line":21,"column":7},"end":{"line":null,"column":null}},"21":{"start":{"line":27,"column":12},"end":{"line":null,"column":null}},"22":{"start":{"line":29,"column":13},"end":{"line":null,"column":null}},"23":{"start":{"line":31,"column":20},"end":{"line":null,"column":null}},"24":{"start":{"line":37,"column":21},"end":{"line":null,"column":null}},"25":{"start":{"line":44,"column":18},"end":{"line":null,"column":null}},"26":{"start":{"line":45,"column":23},"end":{"line":null,"column":null}},"27":{"start":{"line":52,"column":17},"end":{"line":null,"column":null}},"28":{"start":{"line":59,"column":11},"end":{"line":null,"column":null}},"29":{"start":{"line":74,"column":7},"end":{"line":null,"column":null}},"30":{"start":{"line":75,"column":8},"end":{"line":null,"column":null}},"31":{"start":{"line":76,"column":6},"end":{"line":null,"column":null}},"32":{"start":{"line":78,"column":6},"end":{"line":null,"column":null}},"33":{"start":{"line":84,"column":11},"end":{"line":null,"column":null}},"34":{"start":{"line":85,"column":13},"end":{"line":null,"column":null}},"35":{"start":{"line":86,"column":18},"end":{"line":null,"column":null}},"36":{"start":{"line":91,"column":15},"end":{"line":null,"column":null}},"37":{"start":{"line":92,"column":16},"end":{"line":null,"column":null}},"38":{"start":{"line":98,"column":14},"end":{"line":null,"column":null}},"39":{"start":{"line":104,"column":11},"end":{"line":null,"column":null}},"40":{"start":{"line":118,"column":7},"end":{"line":null,"column":null}},"41":{"start":{"line":120,"column":5},"end":{"line":null,"column":null}},"42":{"start":{"line":121,"column":19},"end":{"line":null,"column":null}}},"branchMap":{"1":{"line":0,"type":"cond-expr","locations":[{"start":{"line":0,"column":0},"end":{"line":0,"column":0},"skip":true},{"start":{"line":0,"column":0},"end":{"line":0,"column":0},"skip":true}]},"2":{"line":0,"type":"binary-expr","locations":[{"start":{"line":0,"column":0},"end":{"line":0,"column":0},"skip":true},{"start":{"line":0,"column":0},"end":{"line":0,"column":0},"skip":true}]},"3":{"line":6,"type":"if","locations":[{"start":{"line":6,"column":6},"end":{"line":6,"column":6}},{"start":{"line":6,"column":6},"end":{"line":6,"column":6}}]},"4":{"line":6,"type":"binary-expr","locations":[{"start":{"line":6,"column":6},"end":{"line":6,"column":6}},{"start":{"line":6,"column":28},"end":{"line":6,"column":2}}]},"5":{"line":19,"type":"if","locations":[{"start":{"line":19,"column":6},"end":{"line":19,"column":6}},{"start":{"line":19,"column":6},"end":{"line":19,"column":6}}]},"6":{"line":19,"type":"binary-expr","locations":[{"start":{"line":19,"column":6},"end":{"line":19,"column":6}},{"start":{"line":19,"column":24},"end":{"line":19,"column":6}},{"start":{"line":19,"column":37},"end":{"line":19,"column":6}},{"start":{"line":19,"column":54},"end":{"line":19,"column":6}},{"start":{"line":19,"column":71},"end":{"line":19,"column":6}},{"start":{"line":19,"column":85},"end":{"line":19,"column":2}}]},"7":{"line":27,"type":"if","locations":[{"start":{"line":27,"column":12},"end":{"line":27,"column":12}},{"start":{"line":27,"column":12},"end":{"line":27,"column":12}}]},"8":{"line":44,"type":"if","locations":[{"start":{"line":44,"column":18},"end":{"line":44,"column":18}},{"start":{"line":44,"column":18},"end":{"line":44,"column":18}}]},"9":{"line":76,"type":"if","locations":[{"start":{"line":76,"column":6},"end":{"line":76,"column":6}},{"start":{"line":76,"column":6},"end":{"line":76,"column":6}}]},"10":{"line":76,"type":"binary-expr","locations":[{"start":{"line":76,"column":6},"end":{"line":76,"column":6}},{"start":{"line":76,"column":23},"end":{"line":76,"column":2}}]},"11":{"line":84,"type":"if","locations":[{"start":{"line":84,"column":11},"end":{"line":84,"column":11}},{"start":{"line":84,"column":11},"end":{"line":84,"column":11}}]},"12":{"line":85,"type":"if","locations":[{"start":{"line":85,"column":13},"end":{"line":85,"column":13}},{"start":{"line":85,"column":13},"end":{"line":85,"column":13}}]}}},"/home/sims16/Documents/document-manager/app/models/user.model.js":{"path":"/home/sims16/Documents/document-manager/app/models/user.model.js","s":{"1":1,"2":1,"3":1,"4":1,"5":1,"6":1,"7":2,"8":1,"9":1,"10":0,"11":0,"12":0,"13":1,"14":1,"15":0,"16":1,"17":1},"b":{"1":[0,2],"2":[2,2],"3":[0,0]},"f":{"1":2,"2":0,"3":0},"fnMap":{"1":{"name":"_interopRequireDefault","line":0,"loc":{"start":{"line":0,"column":0},"end":{"line":0,"column":0}},"skip":true},"2":{"name":"hashedPassword","line":7,"loc":{"start":{"line":7,"column":0},"end":{"line":7,"column":43}}},"3":{"name":"set","line":47,"loc":{"start":{"line":47,"column":8},"end":{"line":47,"column":13}}}},"statementMap":{"1":{"start":{"line":0,"column":0},"end":{"line":0,"column":0},"skip":true},"2":{"start":{"line":1,"column":0},"end":{"line":null,"column":null}},"3":{"start":{"line":0,"column":0},"end":{"line":0,"column":0},"skip":true},"4":{"start":{"line":2,"column":0},"end":{"line":null,"column":null}},"5":{"start":{"line":0,"column":0},"end":{"line":0,"column":0},"skip":true},"6":{"start":{"line":0,"column":0},"end":{"line":0,"column":0},"skip":true},"7":{"start":{"line":0,"column":0},"end":{"line":0,"column":0},"skip":true},"8":{"start":{"line":4,"column":0},"end":{"line":null,"column":null}},"9":{"start":{"line":7,"column":0},"end":{"line":null,"column":null}},"10":{"start":{"line":8,"column":6},"end":{"line":null,"column":null}},"11":{"start":{"line":8,"column":26},"end":{"line":null,"column":null}},"12":{"start":{"line":9,"column":9},"end":{"line":null,"column":null}},"13":{"start":{"line":11,"column":0},"end":{"line":null,"column":null}},"14":{"start":{"line":17,"column":0},"end":{"line":null,"column":null}},"15":{"start":{"line":48,"column":11},"end":{"line":null,"column":null}},"16":{"start":{"line":57,"column":0},"end":{"line":null,"column":null}},"17":{"start":{"line":59,"column":15},"end":{"line":null,"column":null}}},"branchMap":{"1":{"line":0,"type":"cond-expr","locations":[{"start":{"line":0,"column":0},"end":{"line":0,"column":0},"skip":true},{"start":{"line":0,"column":0},"end":{"line":0,"column":0},"skip":true}]},"2":{"line":0,"type":"binary-expr","locations":[{"start":{"line":0,"column":0},"end":{"line":0,"column":0},"skip":true},{"start":{"line":0,"column":0},"end":{"line":0,"column":0},"skip":true}]},"3":{"line":8,"type":"if","locations":[{"start":{"line":8,"column":6},"end":{"line":8,"column":6}},{"start":{"line":8,"column":6},"end":{"line":8,"column":6}}]}}},"/home/sims16/Documents/document-manager/app/controllers/auth.controller.js":{"path":"/home/sims16/Documents/document-manager/app/controllers/auth.controller.js","s":{"1":1,"2":1,"3":1,"4":1,"5":1,"6":1,"7":1,"8":1,"9":1,"10":1,"11":1,"12":1,"13":0,"14":1,"15":1,"16":0,"17":1,"18":1,"19":1,"20":1,"21":1,"22":0},"b":{"1":[0,1],"2":[1,1],"3":[1,0],"4":[0,1],"5":[1,0],"6":[1,1]},"f":{"1":1,"2":1,"3":1,"4":1},"fnMap":{"1":{"name":"_interopRequireDefault","line":0,"loc":{"start":{"line":0,"column":0},"end":{"line":0,"column":0}},"skip":true},"2":{"name":"authorization","line":3,"loc":{"start":{"line":3,"column":7},"end":{"line":3,"column":46}}},"3":{"name":"(anonymous_3)","line":6,"loc":{"start":{"line":6,"column":42},"end":{"line":6,"column":60}}},"4":{"name":"authenicate","line":25,"loc":{"start":{"line":25,"column":7},"end":{"line":25,"column":44}}}},"statementMap":{"1":{"start":{"line":0,"column":0},"end":{"line":0,"column":0},"skip":true},"2":{"start":{"line":3,"column":16},"end":{"line":null,"column":null}},"3":{"start":{"line":25,"column":16},"end":{"line":null,"column":null}},"4":{"start":{"line":1,"column":0},"end":{"line":null,"column":null}},"5":{"start":{"line":0,"column":0},"end":{"line":0,"column":0},"skip":true},"6":{"start":{"line":0,"column":0},"end":{"line":0,"column":0},"skip":true},"7":{"start":{"line":0,"column":0},"end":{"line":0,"column":0},"skip":true},"8":{"start":{"line":3,"column":7},"end":{"line":null,"column":null}},"9":{"start":{"line":4,"column":8},"end":{"line":null,"column":null}},"10":{"start":{"line":5,"column":6},"end":{"line":null,"column":null}},"11":{"start":{"line":6,"column":8},"end":{"line":null,"column":null}},"12":{"start":{"line":7,"column":10},"end":{"line":null,"column":null}},"13":{"start":{"line":8,"column":15},"end":{"line":null,"column":null}},"14":{"start":{"line":13,"column":10},"end":{"line":null,"column":null}},"15":{"start":{"line":14,"column":13},"end":{"line":null,"column":null}},"16":{"start":{"line":17,"column":11},"end":{"line":null,"column":null}},"17":{"start":{"line":22,"column":9},"end":{"line":null,"column":null}},"18":{"start":{"line":25,"column":7},"end":{"line":null,"column":null}},"19":{"start":{"line":26,"column":8},"end":{"line":null,"column":null}},"20":{"start":{"line":27,"column":6},"end":{"line":null,"column":null}},"21":{"start":{"line":28,"column":11},"end":{"line":null,"column":null}},"22":{"start":{"line":30,"column":9},"end":{"line":null,"column":null}}},"branchMap":{"1":{"line":0,"type":"cond-expr","locations":[{"start":{"line":0,"column":0},"end":{"line":0,"column":0},"skip":true},{"start":{"line":0,"column":0},"end":{"line":0,"column":0},"skip":true}]},"2":{"line":0,"type":"binary-expr","locations":[{"start":{"line":0,"column":0},"end":{"line":0,"column":0},"skip":true},{"start":{"line":0,"column":0},"end":{"line":0,"column":0},"skip":true}]},"3":{"line":5,"type":"if","locations":[{"start":{"line":5,"column":6},"end":{"line":5,"column":6}},{"start":{"line":5,"column":6},"end":{"line":5,"column":6}}]},"4":{"line":7,"type":"if","locations":[{"start":{"line":7,"column":10},"end":{"line":7,"column":10}},{"start":{"line":7,"column":10},"end":{"line":7,"column":10}}]},"5":{"line":27,"type":"if","locations":[{"start":{"line":27,"column":6},"end":{"line":27,"column":6}},{"start":{"line":27,"column":6},"end":{"line":27,"column":6}}]},"6":{"line":27,"type":"binary-expr","locations":[{"start":{"line":27,"column":6},"end":{"line":27,"column":14}},{"start":{"line":27,"column":14},"end":{"line":27,"column":2}}]}}}}