TN:
SF:/home/sims16/Documents/document-manager/app.js
FN:19,(anonymous_2)
FNF:1
FNH:0
FNDA:0,(anonymous_2)
DA:1,1
DA:2,1
DA:3,1
DA:4,1
DA:6,1
DA:7,1
DA:8,1
DA:10,1
DA:11,1
DA:12,1
DA:16,1
DA:17,1
DA:19,1
DA:20,0
DA:27,1
DA:28,1
DA:31,1
LF:17
LH:16
BRDA:8,3,0,1
BRDA:8,3,1,1
BRF:2
BRH:2
end_of_record
TN:
SF:/home/sims16/Documents/document-manager/app/routes/index.js
FN:3,routes
FNF:1
FNH:1
FNDA:1,routes
DA:1,1
DA:3,1
DA:4,1
DA:7,1
LF:4
LH:4
BRF:0
BRH:0
end_of_record
TN:
SF:/home/sims16/Documents/document-manager/app/routes/user.route.js
FN:4,userRoute
FNF:1
FNH:1
FNDA:1,userRoute
DA:1,1
DA:2,1
DA:4,1
DA:6,1
DA:10,1
DA:13,1
DA:17,1
LF:7
LH:7
BRF:0
BRH:0
end_of_record
TN:
SF:/home/sims16/Documents/document-manager/app/controllers/user.controller.js
FNF:0
FNH:0
DA:1,1
DA:3,1
DA:9,1
LF:3
LH:3
BRF:0
BRH:0
end_of_record
TN:
SF:/home/sims16/Documents/document-manager/app/actions/user.action.js
FN:5,verifyPassword
FN:17,CREATE
FN:26,(anonymous_4)
FN:30,(anonymous_5)
FN:43,(anonymous_6)
FN:74,LOGIN
FN:83,(anonymous_8)
FN:118,GET_ALL
FN:121,(anonymous_10)
FNF:9
FNH:4
FNDA:0,verifyPassword
FNDA:4,CREATE
FNDA:2,(anonymous_4)
FNDA:0,(anonymous_5)
FNDA:0,(anonymous_6)
FNDA:0,LOGIN
FNDA:0,(anonymous_8)
FNDA:1,GET_ALL
FNDA:1,(anonymous_10)
DA:1,1
DA:2,1
DA:3,1
DA:5,1
DA:6,0
DA:7,0
DA:17,1
DA:18,4
DA:19,4
DA:21,2
DA:27,2
DA:29,0
DA:31,0
DA:37,0
DA:44,0
DA:45,0
DA:52,2
DA:59,2
DA:74,1
DA:75,0
DA:76,0
DA:78,0
DA:84,0
DA:85,0
DA:86,0
DA:91,0
DA:92,0
DA:98,0
DA:104,0
DA:118,1
DA:120,1
DA:121,1
LF:32
LH:15
BRDA:6,3,0,0
BRDA:6,3,1,0
BRDA:6,4,0,0
BRDA:6,4,1,0
BRDA:19,5,0,2
BRDA:19,5,1,2
BRDA:19,6,0,4
BRDA:19,6,1,3
BRDA:19,6,2,2
BRDA:19,6,3,2
BRDA:19,6,4,2
BRDA:19,6,5,2
BRDA:27,7,0,0
BRDA:27,7,1,2
BRDA:44,8,0,0
BRDA:44,8,1,0
BRDA:76,9,0,0
BRDA:76,9,1,0
BRDA:76,10,0,0
BRDA:76,10,1,0
BRDA:84,11,0,0
BRDA:84,11,1,0
BRDA:85,12,0,0
BRDA:85,12,1,0
BRF:24
BRH:9
end_of_record
TN:
SF:/home/sims16/Documents/document-manager/app/models/user.model.js
FN:7,hashedPassword
FN:47,set
FNF:2
FNH:0
FNDA:0,hashedPassword
FNDA:0,set
DA:1,1
DA:2,1
DA:4,1
DA:7,1
DA:8,0
DA:9,0
DA:11,1
DA:17,1
DA:48,0
DA:57,1
DA:59,1
LF:11
LH:8
BRDA:8,3,0,0
BRDA:8,3,1,0
BRF:2
BRH:0
end_of_record
TN:
SF:/home/sims16/Documents/document-manager/app/controllers/auth.controller.js
FN:3,authorization
FN:6,(anonymous_3)
FN:25,authenicate
FNF:3
FNH:3
FNDA:1,authorization
FNDA:1,(anonymous_3)
FNDA:1,authenicate
DA:1,1
DA:3,1
DA:4,1
DA:5,1
DA:6,1
DA:7,1
DA:8,0
DA:13,1
DA:14,1
DA:17,0
DA:22,1
DA:25,1
DA:26,1
DA:27,1
DA:28,1
DA:30,0
LF:16
LH:13
BRDA:5,3,0,1
BRDA:5,3,1,0
BRDA:7,4,0,0
BRDA:7,4,1,1
BRDA:27,5,0,1
BRDA:27,5,1,0
BRDA:27,6,0,1
BRDA:27,6,1,1
BRF:8
BRH:5
end_of_record
